0 info it worked if it ends with ok
1 verbose cli [ '/usr/local/bin/node',
1 verbose cli   '/usr/local/bin/npm',
1 verbose cli   'run',
1 verbose cli   'build-cjs' ]
2 info using npm@3.10.10
3 info using node@v6.10.0
4 verbose run-script [ 'prebuild-cjs', 'build-cjs', 'postbuild-cjs' ]
5 info lifecycle recharts@0.21.2~prebuild-cjs: recharts@0.21.2
6 silly lifecycle recharts@0.21.2~prebuild-cjs: no script for prebuild-cjs, continuing
7 info lifecycle recharts@0.21.2~build-cjs: recharts@0.21.2
8 verbose lifecycle recharts@0.21.2~build-cjs: unsafe-perm in lifecycle true
9 verbose lifecycle recharts@0.21.2~build-cjs: PATH: /usr/local/lib/node_modules/npm/bin/node-gyp-bin:/Users/ship/Documents/SHIPP/code/ship/visual/visual/node_modules/.bin:/Users/ship/Documents/SHIPP/code/ship/visual/visual/node_modules/.bin:/Users/ship/.config/yarn/link/node_modules/.bin:/Users/ship/Documents/SHIPP/code/ship/visual/visual/node_modules/.bin:/Users/ship/.config/yarn/link/node_modules/.bin:/usr/local/lib/node_modules/yarn/bin/node-gyp-bin://anaconda/bin:/Users/ship/anaconda/bin:/opt/local/bin:/opt/local/sbin:/usr/local/bin:/usr/bin:/bin:/usr/sbin:/sbin:/opt/X11/bin:/usr/local/CrossPack-AVR/bin:/Users/ship/android-sdk-macosx/platform-tools:/Users/ship/android-sdk-macosx/tools
10 verbose lifecycle recharts@0.21.2~build-cjs: CWD: /Users/ship/Documents/SHIPP/code/ship/visual/visual
11 silly lifecycle recharts@0.21.2~build-cjs: Args: [ '-c',
11 silly lifecycle   'rimraf lib && babel ./src -d lib --plugins=transform-es2015-modules-commonjs' ]
12 info lifecycle recharts@0.21.2~build-cjs: Failed to exec build-cjs script
13 verbose stack Error: recharts@0.21.2 build-cjs: `rimraf lib && babel ./src -d lib --plugins=transform-es2015-modules-commonjs`
13 verbose stack spawn ENOENT
13 verbose stack     at ChildProcess.<anonymous> (/usr/local/lib/node_modules/npm/lib/utils/spawn.js:33:16)
13 verbose stack     at emitTwo (events.js:106:13)
13 verbose stack     at ChildProcess.emit (events.js:191:7)
13 verbose stack     at maybeClose (internal/child_process.js:877:16)
13 verbose stack     at Process.ChildProcess._handle.onexit (internal/child_process.js:226:5)
14 verbose pkgid recharts@0.21.2
15 verbose cwd /Users/ship/Documents/SHIPP/code/ship/visual/visual
16 error Darwin 15.6.0
17 error argv "/usr/local/bin/node" "/usr/local/bin/npm" "run" "build-cjs"
18 error node v6.10.0
19 error npm  v3.10.10
20 error file sh
21 error code ELIFECYCLE
22 error errno ENOENT
23 error syscall spawn
24 error recharts@0.21.2 build-cjs: `rimraf lib && babel ./src -d lib --plugins=transform-es2015-modules-commonjs`
24 error spawn ENOENT
25 error Failed at the recharts@0.21.2 build-cjs script 'rimraf lib && babel ./src -d lib --plugins=transform-es2015-modules-commonjs'.
25 error Make sure you have the latest version of node.js and npm installed.
25 error If you do, this is most likely a problem with the recharts package,
25 error not with npm itself.
25 error Tell the author that this fails on your system:
25 error     rimraf lib && babel ./src -d lib --plugins=transform-es2015-modules-commonjs
25 error You can get information on how to open an issue for this project with:
25 error     npm bugs recharts
25 error Or if that isn't available, you can get their info via:
25 error     npm owner ls recharts
25 error There is likely additional logging output above.
26 verbose exit [ 1, true ]
